TN:
SF:src/Checkout.js
FN:2,(anonymous_0)
FN:8,(anonymous_1)
FN:18,(anonymous_2)
FNF:3
FNH:3
FNDA:5,(anonymous_0)
FNDA:5,(anonymous_1)
FNDA:1,(anonymous_2)
DA:4,5
DA:5,5
DA:9,5
DA:10,4
DA:12,1
DA:13,2
DA:19,1
LF:7
LH:7
BRDA:9,0,0,4
BRDA:9,0,1,1
BRF:2
BRH:2
end_of_record
TN:
SF:src/PriceCheck.js
FN:4,(anonymous_0)
FN:11,(anonymous_1)
FN:15,(anonymous_2)
FNF:3
FNH:2
FNDA:2,(anonymous_0)
FNDA:0,(anonymous_1)
FNDA:2,(anonymous_2)
DA:7,2
DA:8,2
DA:12,0
DA:13,0
DA:16,2
DA:17,2
DA:18,2
DA:19,0
DA:21,0
LF:9
LH:5
BRF:0
BRH:0
end_of_record
TN:
SF:src/Receipt.js
FN:2,(anonymous_0)
FN:8,(anonymous_1)
FNF:2
FNH:2
FNDA:1,(anonymous_0)
FNDA:1,(anonymous_1)
DA:5,1
DA:9,1
LF:2
LH:2
BRF:0
BRH:0
end_of_record
