<?xml version="1.0" encoding="UTF-8"?>
<coverage generated="1594715553050" clover="3.2.0">
  <project timestamp="1594715553051" name="All files">
    <metrics statements="11" coveredstatements="11" conditionals="2" coveredconditionals="2" methods="7" coveredmethods="7" elements="20" coveredelements="20" complexity="0" loc="11" ncloc="11" packages="1" files="3" classes="3"/>
    <file name="Checkout.js" path="/Users/FayeCarter/Documents/Learning/Katas/Supermarket/src/Checkout.js">
      <metrics statements="7" coveredstatements="7" conditionals="2" coveredconditionals="2" methods="3" coveredmethods="3"/>
      <line num="4" count="5" type="stmt"/>
      <line num="5" count="5" type="stmt"/>
      <line num="9" count="5" type="cond" truecount="2" falsecount="0"/>
      <line num="10" count="4" type="stmt"/>
      <line num="12" count="1" type="stmt"/>
      <line num="13" count="2" type="stmt"/>
      <line num="19" count="1" type="stmt"/>
    </file>
    <file name="PriceCheck.js" path="/Users/FayeCarter/Documents/Learning/Katas/Supermarket/src/PriceCheck.js">
      <metrics statements="2" coveredstatements="2" conditionals="0" coveredconditionals="0" methods="2" coveredmethods="2"/>
      <line num="5" count="1" type="stmt"/>
      <line num="9" count="1" type="stmt"/>
    </file>
    <file name="Receipt.js" path="/Users/FayeCarter/Documents/Learning/Katas/Supermarket/src/Receipt.js">
      <metrics statements="2" coveredstatements="2" conditionals="0" coveredconditionals="0" methods="2" coveredmethods="2"/>
      <line num="5" count="1" type="stmt"/>
      <line num="9" count="1" type="stmt"/>
    </file>
  </project>
</coverage>
