{"/Users/FayeCarter/Documents/Learning/Katas/Supermarket/src/Checkout.js": {"path":"/Users/FayeCarter/Documents/Learning/Katas/Supermarket/src/Checkout.js","statementMap":{"0":{"start":{"line":4,"column":4},"end":{"line":4,"column":52}},"1":{"start":{"line":7,"column":4},"end":{"line":7,"column":31}}},"fnMap":{"0":{"name":"(anonymous_0)","decl":{"start":{"line":2,"column":2},"end":{"line":2,"column":3}},"loc":{"start":{"line":3,"column":4},"end":{"line":5,"column":3}},"line":3},"1":{"name":"(anonymous_1)","decl":{"start":{"line":6,"column":2},"end":{"line":6,"column":3}},"loc":{"start":{"line":6,"column":14},"end":{"line":8,"column":3}},"line":6}},"branchMap":{},"s":{"0":1,"1":0},"f":{"0":1,"1":0},"b":{},"_coverageSchema":"1a1c01bbd47fc00a2c39e90264f33305004495a9","hash":"941d8cde6ba9190679ec69e823b2361ce71a5333"}
}
