{"/Users/FayeCarter/Documents/Learning/Katas/Supermarket/src/Checkout.js": {"path":"/Users/FayeCarter/Documents/Learning/Katas/Supermarket/src/Checkout.js","statementMap":{"0":{"start":{"line":4,"column":4},"end":{"line":4,"column":52}},"1":{"start":{"line":5,"column":4},"end":{"line":5,"column":21}},"2":{"start":{"line":9,"column":4},"end":{"line":9,"column":28}}},"fnMap":{"0":{"name":"(anonymous_0)","decl":{"start":{"line":2,"column":2},"end":{"line":2,"column":3}},"loc":{"start":{"line":3,"column":4},"end":{"line":6,"column":3}},"line":3},"1":{"name":"(anonymous_1)","decl":{"start":{"line":8,"column":2},"end":{"line":8,"column":3}},"loc":{"start":{"line":8,"column":16},"end":{"line":10,"column":3}},"line":8}},"branchMap":{},"s":{"0":2,"1":2,"2":1},"f":{"0":2,"1":1},"b":{},"_coverageSchema":"1a1c01bbd47fc00a2c39e90264f33305004495a9","hash":"ea3ba176ef24287d39f55151cd1b011a920a5ea2"}
}
