<?xml version="1.0" encoding="UTF-8"?>
<coverage generated="1593503910928" clover="3.2.0">
  <project timestamp="1593503910928" name="All files">
    <metrics statements="22" coveredstatements="22" conditionals="5" coveredconditionals="4" methods="7" coveredmethods="7" elements="34" coveredelements="33" complexity="0" loc="22" ncloc="22" packages="1" files="3" classes="3"/>
    <file name="Game.js" path="/Users/FayeCarter/Documents/Learning/Katas/Tennis/src/Game.js">
      <metrics statements="10" coveredstatements="10" conditionals="5" coveredconditionals="4" methods="2" coveredmethods="2"/>
      <line num="7" count="7" type="stmt"/>
      <line num="8" count="7" type="stmt"/>
      <line num="9" count="7" type="stmt"/>
      <line num="10" count="7" type="stmt"/>
      <line num="15" count="2" type="cond" truecount="2" falsecount="0"/>
      <line num="16" count="1" type="stmt"/>
      <line num="17" count="1" type="stmt"/>
      <line num="18" count="1" type="cond" truecount="1" falsecount="1"/>
      <line num="19" count="1" type="stmt"/>
      <line num="20" count="1" type="stmt"/>
    </file>
    <file name="Player.js" path="/Users/FayeCarter/Documents/Learning/Katas/Tennis/src/Player.js">
      <metrics statements="5" coveredstatements="5" conditionals="0" coveredconditionals="0" methods="2" coveredmethods="2"/>
      <line num="1" count="2" type="stmt"/>
      <line num="5" count="11" type="stmt"/>
      <line num="6" count="11" type="stmt"/>
      <line num="10" count="8" type="stmt"/>
      <line num="11" count="8" type="stmt"/>
    </file>
    <file name="Scorecard.js" path="/Users/FayeCarter/Documents/Learning/Katas/Tennis/src/Scorecard.js">
      <metrics statements="7" coveredstatements="7" conditionals="0" coveredconditionals="0" methods="3" coveredmethods="3"/>
      <line num="3" count="3" type="stmt"/>
      <line num="4" count="3" type="stmt"/>
      <line num="5" count="3" type="stmt"/>
      <line num="9" count="2" type="stmt"/>
      <line num="10" count="2" type="stmt"/>
      <line num="11" count="2" type="stmt"/>
      <line num="15" count="2" type="stmt"/>
    </file>
  </project>
</coverage>
