TN:
SF:src/Game.js
FN:5,(anonymous_0)
FN:15,(anonymous_1)
FN:25,(anonymous_2)
FNF:3
FNH:3
FNDA:8,(anonymous_0)
FNDA:2,(anonymous_1)
FNDA:3,(anonymous_2)
DA:9,8
DA:10,8
DA:11,8
DA:12,8
DA:16,2
DA:17,1
DA:18,1
DA:19,1
DA:20,1
DA:21,1
DA:26,3
LF:11
LH:11
BRDA:6,0,0,8
BRDA:7,1,0,8
BRDA:16,2,0,1
BRDA:16,2,1,1
BRDA:19,3,0,1
BRDA:19,3,1,0
BRF:6
BRH:5
end_of_record
TN:
SF:src/Player.js
FN:4,(anonymous_0)
FN:9,(anonymous_1)
FNF:2
FNH:2
FNDA:12,(anonymous_0)
FNDA:8,(anonymous_1)
DA:1,2
DA:5,12
DA:6,12
DA:10,8
DA:11,8
LF:5
LH:5
BRF:0
BRH:0
end_of_record
TN:
SF:src/Scorecard.js
FN:2,(anonymous_0)
FN:8,(anonymous_1)
FN:14,(anonymous_2)
FNF:3
FNH:3
FNDA:11,(anonymous_0)
FNDA:4,(anonymous_1)
FNDA:4,(anonymous_2)
DA:3,11
DA:4,11
DA:5,11
DA:9,4
DA:10,4
DA:11,4
DA:15,4
LF:7
LH:7
BRF:0
BRH:0
end_of_record
