{"/Users/FayeCarter/Documents/Learning/Katas/Tennis/src/Game.js": {"path":"/Users/FayeCarter/Documents/Learning/Katas/Tennis/src/Game.js","statementMap":{"0":{"start":{"line":9,"column":4},"end":{"line":9,"column":26}},"1":{"start":{"line":10,"column":4},"end":{"line":10,"column":31}},"2":{"start":{"line":11,"column":4},"end":{"line":11,"column":26}},"3":{"start":{"line":12,"column":4},"end":{"line":12,"column":26}},"4":{"start":{"line":16,"column":4},"end":{"line":22,"column":5}},"5":{"start":{"line":17,"column":22},"end":{"line":17,"column":45}},"6":{"start":{"line":18,"column":6},"end":{"line":18,"column":46}},"7":{"start":{"line":19,"column":11},"end":{"line":22,"column":5}},"8":{"start":{"line":20,"column":22},"end":{"line":20,"column":45}},"9":{"start":{"line":21,"column":6},"end":{"line":21,"column":45}},"10":{"start":{"line":26,"column":4},"end":{"line":26,"column":31}}},"fnMap":{"0":{"name":"(anonymous_0)","decl":{"start":{"line":5,"column":2},"end":{"line":5,"column":3}},"loc":{"start":{"line":8,"column":4},"end":{"line":13,"column":3}},"line":8},"1":{"name":"(anonymous_1)","decl":{"start":{"line":15,"column":2},"end":{"line":15,"column":3}},"loc":{"start":{"line":15,"column":21},"end":{"line":23,"column":3}},"line":15},"2":{"name":"(anonymous_2)","decl":{"start":{"line":25,"column":2},"end":{"line":25,"column":3}},"loc":{"start":{"line":25,"column":14},"end":{"line":27,"column":3}},"line":25}},"branchMap":{"0":{"loc":{"start":{"line":6,"column":4},"end":{"line":6,"column":25}},"type":"default-arg","locations":[{"start":{"line":6,"column":13},"end":{"line":6,"column":25}}],"line":6},"1":{"loc":{"start":{"line":7,"column":4},"end":{"line":7,"column":31}},"type":"default-arg","locations":[{"start":{"line":7,"column":16},"end":{"line":7,"column":31}}],"line":7},"2":{"loc":{"start":{"line":16,"column":4},"end":{"line":22,"column":5}},"type":"if","locations":[{"start":{"line":16,"column":4},"end":{"line":22,"column":5}},{"start":{"line":16,"column":4},"end":{"line":22,"column":5}}],"line":16},"3":{"loc":{"start":{"line":19,"column":11},"end":{"line":22,"column":5}},"type":"if","locations":[{"start":{"line":19,"column":11},"end":{"line":22,"column":5}},{"start":{"line":19,"column":11},"end":{"line":22,"column":5}}],"line":19}},"s":{"0":8,"1":8,"2":8,"3":8,"4":2,"5":1,"6":1,"7":1,"8":1,"9":1,"10":3},"f":{"0":8,"1":2,"2":3},"b":{"0":[8],"1":[8],"2":[1,1],"3":[1,0]},"_coverageSchema":"1a1c01bbd47fc00a2c39e90264f33305004495a9","hash":"50c234efd5b66e2caecc6fbf1541025b8fe17e2e"}
,"/Users/FayeCarter/Documents/Learning/Katas/Tennis/src/Player.js": {"path":"/Users/FayeCarter/Documents/Learning/Katas/Tennis/src/Player.js","statementMap":{"0":{"start":{"line":1,"column":23},"end":{"line":1,"column":38}},"1":{"start":{"line":5,"column":4},"end":{"line":5,"column":19}},"2":{"start":{"line":6,"column":4},"end":{"line":6,"column":19}},"3":{"start":{"line":10,"column":4},"end":{"line":10,"column":20}},"4":{"start":{"line":11,"column":4},"end":{"line":11,"column":51}}},"fnMap":{"0":{"name":"(anonymous_0)","decl":{"start":{"line":4,"column":2},"end":{"line":4,"column":3}},"loc":{"start":{"line":4,"column":17},"end":{"line":7,"column":3}},"line":4},"1":{"name":"(anonymous_1)","decl":{"start":{"line":9,"column":2},"end":{"line":9,"column":3}},"loc":{"start":{"line":9,"column":13},"end":{"line":12,"column":3}},"line":9}},"branchMap":{},"s":{"0":2,"1":12,"2":12,"3":8,"4":8},"f":{"0":12,"1":8},"b":{},"_coverageSchema":"1a1c01bbd47fc00a2c39e90264f33305004495a9","hash":"99c5056c51bb9999940650e69f36d366da58827b"}
,"/Users/FayeCarter/Documents/Learning/Katas/Tennis/src/Scorecard.js": {"path":"/Users/FayeCarter/Documents/Learning/Katas/Tennis/src/Scorecard.js","statementMap":{"0":{"start":{"line":3,"column":4},"end":{"line":3,"column":23}},"1":{"start":{"line":4,"column":4},"end":{"line":4,"column":26}},"2":{"start":{"line":5,"column":4},"end":{"line":5,"column":26}},"3":{"start":{"line":9,"column":4},"end":{"line":9,"column":27}},"4":{"start":{"line":10,"column":4},"end":{"line":10,"column":27}},"5":{"start":{"line":11,"column":4},"end":{"line":11,"column":23}},"6":{"start":{"line":15,"column":4},"end":{"line":15,"column":60}}},"fnMap":{"0":{"name":"(anonymous_0)","decl":{"start":{"line":2,"column":2},"end":{"line":2,"column":3}},"loc":{"start":{"line":2,"column":16},"end":{"line":6,"column":3}},"line":2},"1":{"name":"(anonymous_1)","decl":{"start":{"line":8,"column":2},"end":{"line":8,"column":3}},"loc":{"start":{"line":8,"column":17},"end":{"line":12,"column":3}},"line":8},"2":{"name":"(anonymous_2)","decl":{"start":{"line":14,"column":2},"end":{"line":14,"column":3}},"loc":{"start":{"line":14,"column":17},"end":{"line":16,"column":3}},"line":14}},"branchMap":{},"s":{"0":11,"1":11,"2":11,"3":4,"4":4,"5":4,"6":4},"f":{"0":11,"1":4,"2":4},"b":{},"_coverageSchema":"1a1c01bbd47fc00a2c39e90264f33305004495a9","hash":"ec1aace6f9f47fbbd2f345512f4c9bcf3af72e51"}
}
